2024-08-25T15:53:08.828+03:00  INFO 17080 --- [final-project] [restartedMain] h.final_project.FinalProjectApplication  : Starting FinalProjectApplication using Java 19.0.1 with PID 17080 (C:\Users\hadar\hadars_projects\devOps\DevOpsFinalProject\DevOps-final-project\final-project\target\classes started by hadar in C:\Users\hadar\hadars_projects\devOps\DevOpsFinalProject\DevOps-final-project)
2024-08-25T15:53:08.831+03:00 DEBUG 17080 --- [final-project] [restartedMain] h.final_project.FinalProjectApplication  : Running with Spring Boot v3.3.2, Spring v6.1.11
2024-08-25T15:53:08.832+03:00  INFO 17080 --- [final-project] [restartedMain] h.final_project.FinalProjectApplication  : No active profile set, falling back to 1 default profile: "default"
2024-08-25T15:53:08.913+03:00  INFO 17080 --- [final-project] [restartedMain] .e.DevToolsPropertyDefaultsPostProcessor : Devtools property defaults active! Set 'spring.devtools.add-properties' to 'false' to disable
2024-08-25T15:53:08.913+03:00  INFO 17080 --- [final-project] [restartedMain] .e.DevToolsPropertyDefaultsPostProcessor : For additional web related logging consider setting the 'logging.level.web' property to 'DEBUG'
2024-08-25T15:53:10.128+03:00  INFO 17080 --- [final-project] [restartedMain] .s.d.r.c.RepositoryConfigurationDelegate : Bootstrapping Spring Data JPA repositories in DEFAULT mode.
2024-08-25T15:53:10.229+03:00  INFO 17080 --- [final-project] [restartedMain] .s.d.r.c.RepositoryConfigurationDelegate : Finished Spring Data repository scanning in 87 ms. Found 1 JPA repository interface.
2024-08-25T15:53:11.353+03:00  INFO 17080 --- [final-project] [restartedMain] o.s.b.w.embedded.tomcat.TomcatWebServer  : Tomcat initialized with port 8080 (http)
2024-08-25T15:53:11.375+03:00  INFO 17080 --- [final-project] [restartedMain] o.apache.catalina.core.StandardService   : Starting service [Tomcat]
2024-08-25T15:53:11.375+03:00  INFO 17080 --- [final-project] [restartedMain] o.apache.catalina.core.StandardEngine    : Starting Servlet engine: [Apache Tomcat/10.1.26]
2024-08-25T15:53:11.468+03:00  INFO 17080 --- [final-project] [restartedMain] o.a.c.c.C.[Tomcat].[localhost].[/]       : Initializing Spring embedded WebApplicationContext
2024-08-25T15:53:11.469+03:00  INFO 17080 --- [final-project] [restartedMain] w.s.c.ServletWebServerApplicationContext : Root WebApplicationContext: initialization completed in 2554 ms
2024-08-25T15:53:11.520+03:00  INFO 17080 --- [final-project] [restartedMain] com.zaxxer.hikari.HikariDataSource       : HikariPool-1 - Starting...
2024-08-25T15:53:11.881+03:00  INFO 17080 --- [final-project] [restartedMain] com.zaxxer.hikari.pool.HikariPool        : HikariPool-1 - Added connection conn0: url=jdbc:h2:mem:testdb user=SA
2024-08-25T15:53:11.883+03:00  INFO 17080 --- [final-project] [restartedMain] com.zaxxer.hikari.HikariDataSource       : HikariPool-1 - Start completed.
2024-08-25T15:53:11.897+03:00  INFO 17080 --- [final-project] [restartedMain] o.s.b.a.h2.H2ConsoleAutoConfiguration    : H2 console available at '/h2-console'. Database available at 'jdbc:h2:mem:testdb'
2024-08-25T15:53:12.113+03:00  INFO 17080 --- [final-project] [restartedMain] o.hibernate.jpa.internal.util.LogHelper  : HHH000204: Processing PersistenceUnitInfo [name: default]
2024-08-25T15:53:12.236+03:00  INFO 17080 --- [final-project] [restartedMain] org.hibernate.Version                    : HHH000412: Hibernate ORM core version 6.5.2.Final
2024-08-25T15:53:12.296+03:00  INFO 17080 --- [final-project] [restartedMain] o.h.c.internal.RegionFactoryInitiator    : HHH000026: Second-level cache disabled
2024-08-25T15:53:12.855+03:00  INFO 17080 --- [final-project] [restartedMain] o.s.o.j.p.SpringPersistenceUnitInfo      : No LoadTimeWeaver setup: ignoring JPA class transformer
2024-08-25T15:53:14.299+03:00  INFO 17080 --- [final-project] [restartedMain] o.h.e.t.j.p.i.JtaPlatformInitiator       : HHH000489: No JTA platform available (set 'hibernate.transaction.jta.platform' to enable JTA platform integration)
2024-08-25T15:53:14.364+03:00  INFO 17080 --- [final-project] [restartedMain] j.LocalContainerEntityManagerFactoryBean : Initialized JPA EntityManagerFactory for persistence unit 'default'
2024-08-25T15:53:14.859+03:00  INFO 17080 --- [final-project] [restartedMain] o.s.d.j.r.query.QueryEnhancerFactory     : Hibernate is in classpath; If applicable, HQL parser will be used.
2024-08-25T15:53:15.433+03:00  WARN 17080 --- [final-project] [restartedMain] JpaBaseConfiguration$JpaWebConfiguration : spring.jpa.open-in-view is enabled by default. Therefore, database queries may be performed during view rendering. Explicitly configure spring.jpa.open-in-view to disable this warning
2024-08-25T15:53:15.506+03:00  WARN 17080 --- [final-project] [restartedMain] .s.s.UserDetailsServiceAutoConfiguration : 

Using generated security password: 0ed729d3-6cc1-410a-9519-7844faa3dc13

This generated password is for development use only. Your security configuration must be updated before running your application in production.

2024-08-25T15:53:15.532+03:00  INFO 17080 --- [final-project] [restartedMain] r$InitializeUserDetailsManagerConfigurer : Global AuthenticationManager configured with UserDetailsService bean with name inMemoryUserDetailsManager
2024-08-25T15:53:16.412+03:00  INFO 17080 --- [final-project] [restartedMain] o.s.b.d.a.OptionalLiveReloadServer       : LiveReload server is running on port 35729
2024-08-25T15:53:16.458+03:00  INFO 17080 --- [final-project] [restartedMain] o.s.b.w.embedded.tomcat.TomcatWebServer  : Tomcat started on port 8080 (http) with context path '/'
2024-08-25T15:53:16.472+03:00  INFO 17080 --- [final-project] [restartedMain] h.final_project.FinalProjectApplication  : Started FinalProjectApplication in 8.563 seconds (process running for 10.24)
2024-08-25T15:53:16.476+03:00  INFO 17080 --- [final-project] [restartedMain] hit.final_project.DatabaseSeeder         : Initializing database in runtime...
2024-08-25T15:53:16.822+03:00  INFO 17080 --- [final-project] [restartedMain] hit.final_project.DatabaseSeeder         : Created Job: Job(id=1, uuid=f2f365f2-a0c8-4792-b192-521440b35a1a, jobName=Build Pipeline, status=SUCCESS, createdAt=2024-08-23T15:53:16.477563700, updatedAt=2024-08-24T15:53:16.477563700, jobType=BUILD, sensitiveData=$2a$10$qWJ2Ekm2pdLtcdS9tpuTUu7vUM7Mtf3E5HFpxjDUbJChrLFN7X1Fe)
2024-08-25T15:53:16.827+03:00  INFO 17080 --- [final-project] [restartedMain] hit.final_project.DatabaseSeeder         : Created Job: Job(id=2, uuid=21a5fb5d-6af3-43a7-a658-16948353a135, jobName=Deploy to Staging, status=FAILED, createdAt=2024-08-20T15:53:16.585599800, updatedAt=2024-08-21T15:53:16.585599800, jobType=DEPLOY, sensitiveData=$2a$10$bnZ/Ct2M6NtifMVPYCxWV.EFqYyIUxF64ftVNsl9dfwp89FBYyvby)
2024-08-25T15:53:16.832+03:00  INFO 17080 --- [final-project] [restartedMain] hit.final_project.DatabaseSeeder         : Created Job: Job(id=3, uuid=3d52e79d-f207-4da9-a472-cad217289d6c, jobName=Unit Tests, status=SUCCESS, createdAt=2024-08-22T15:53:16.684566800, updatedAt=2024-08-23T15:53:16.684566800, jobType=TEST, sensitiveData=)
2024-08-25T15:53:16.832+03:00  INFO 17080 --- [final-project] [restartedMain] hit.final_project.DatabaseSeeder         : Database seeding completed.
2024-08-25T16:27:24.495+03:00  INFO 17080 --- [final-project] [File Watcher] rtingClassPathChangeChangedEventListener : Restarting due to 9 class path changes (0 additions, 8 deletions, 1 modification)
2024-08-25T16:27:24.884+03:00  INFO 17080 --- [final-project] [Thread-5] j.LocalContainerEntityManagerFactoryBean : Closing JPA EntityManagerFactory for persistence unit 'default'
2024-08-25T16:27:24.893+03:00  WARN 17080 --- [final-project] [Thread-5] o.s.b.f.support.DisposableBeanAdapter    : Invocation of destroy method failed on bean with name 'inMemoryDatabaseShutdownExecutor': org.h2.jdbc.JdbcSQLNonTransientConnectionException: Database is already closed (to disable automatic closing at VM shutdown, add ";DB_CLOSE_ON_EXIT=FALSE" to the db URL) [90121-224]
2024-08-25T16:27:24.894+03:00  INFO 17080 --- [final-project] [Thread-5] com.zaxxer.hikari.HikariDataSource       : HikariPool-1 - Shutdown initiated...
2024-08-25T16:27:24.896+03:00  INFO 17080 --- [final-project] [Thread-5] com.zaxxer.hikari.HikariDataSource       : HikariPool-1 - Shutdown completed.
2024-08-25T16:27:25.047+03:00  INFO 17080 --- [final-project] [restartedMain] h.final_project.FinalProjectApplication  : Starting FinalProjectApplication using Java 19.0.1 with PID 17080 (C:\Users\hadar\hadars_projects\devOps\DevOpsFinalProject\DevOps-final-project\final-project\target\classes started by hadar in C:\Users\hadar\hadars_projects\devOps\DevOpsFinalProject\DevOps-final-project)
2024-08-25T16:27:25.048+03:00 DEBUG 17080 --- [final-project] [restartedMain] h.final_project.FinalProjectApplication  : Running with Spring Boot v3.3.2, Spring v6.1.11
2024-08-25T16:27:25.048+03:00  INFO 17080 --- [final-project] [restartedMain] h.final_project.FinalProjectApplication  : No active profile set, falling back to 1 default profile: "default"
2024-08-25T16:27:25.478+03:00  INFO 17080 --- [final-project] [restartedMain] .s.d.r.c.RepositoryConfigurationDelegate : Bootstrapping Spring Data JPA repositories in DEFAULT mode.
2024-08-25T16:27:25.480+03:00  INFO 17080 --- [final-project] [restartedMain] .s.d.r.c.RepositoryConfigurationDelegate : Finished Spring Data repository scanning in 1 ms. Found 0 JPA repository interfaces.
2024-08-25T16:27:25.734+03:00  INFO 17080 --- [final-project] [restartedMain] o.s.b.w.embedded.tomcat.TomcatWebServer  : Tomcat initialized with port 8080 (http)
2024-08-25T16:27:25.738+03:00  INFO 17080 --- [final-project] [restartedMain] o.apache.catalina.core.StandardService   : Starting service [Tomcat]
2024-08-25T16:27:25.738+03:00  INFO 17080 --- [final-project] [restartedMain] o.apache.catalina.core.StandardEngine    : Starting Servlet engine: [Apache Tomcat/10.1.26]
2024-08-25T16:27:25.786+03:00  INFO 17080 --- [final-project] [restartedMain] o.a.c.c.C.[Tomcat].[localhost].[/]       : Initializing Spring embedded WebApplicationContext
2024-08-25T16:27:25.786+03:00  INFO 17080 --- [final-project] [restartedMain] w.s.c.ServletWebServerApplicationContext : Root WebApplicationContext: initialization completed in 734 ms
2024-08-25T16:27:25.812+03:00  INFO 17080 --- [final-project] [restartedMain] com.zaxxer.hikari.HikariDataSource       : HikariPool-2 - Starting...
2024-08-25T16:27:25.815+03:00  INFO 17080 --- [final-project] [restartedMain] com.zaxxer.hikari.pool.HikariPool        : HikariPool-2 - Added connection conn20: url=jdbc:h2:mem:testdb user=SA
2024-08-25T16:27:25.816+03:00  INFO 17080 --- [final-project] [restartedMain] com.zaxxer.hikari.HikariDataSource       : HikariPool-2 - Start completed.
2024-08-25T16:27:25.816+03:00  INFO 17080 --- [final-project] [restartedMain] o.s.b.a.h2.H2ConsoleAutoConfiguration    : H2 console available at '/h2-console'. Database available at 'jdbc:h2:mem:testdb'
2024-08-25T16:27:25.875+03:00  INFO 17080 --- [final-project] [restartedMain] o.hibernate.jpa.internal.util.LogHelper  : HHH000204: Processing PersistenceUnitInfo [name: default]
2024-08-25T16:27:25.884+03:00  INFO 17080 --- [final-project] [restartedMain] o.h.c.internal.RegionFactoryInitiator    : HHH000026: Second-level cache disabled
2024-08-25T16:27:25.912+03:00  INFO 17080 --- [final-project] [restartedMain] o.s.o.j.p.SpringPersistenceUnitInfo      : No LoadTimeWeaver setup: ignoring JPA class transformer
2024-08-25T16:27:25.968+03:00  INFO 17080 --- [final-project] [restartedMain] o.h.e.t.j.p.i.JtaPlatformInitiator       : HHH000489: No JTA platform available (set 'hibernate.transaction.jta.platform' to enable JTA platform integration)
2024-08-25T16:27:25.969+03:00  INFO 17080 --- [final-project] [restartedMain] j.LocalContainerEntityManagerFactoryBean : Initialized JPA EntityManagerFactory for persistence unit 'default'
2024-08-25T16:27:26.049+03:00  WARN 17080 --- [final-project] [restartedMain] JpaBaseConfiguration$JpaWebConfiguration : spring.jpa.open-in-view is enabled by default. Therefore, database queries may be performed during view rendering. Explicitly configure spring.jpa.open-in-view to disable this warning
2024-08-25T16:27:26.280+03:00  WARN 17080 --- [final-project] [restartedMain] .s.s.UserDetailsServiceAutoConfiguration : 

Using generated security password: b03c150a-c563-42fe-b7ea-fdc3b5779a97

This generated password is for development use only. Your security configuration must be updated before running your application in production.

2024-08-25T16:27:26.310+03:00  INFO 17080 --- [final-project] [restartedMain] r$InitializeUserDetailsManagerConfigurer : Global AuthenticationManager configured with UserDetailsService bean with name inMemoryUserDetailsManager
2024-08-25T16:27:26.368+03:00  INFO 17080 --- [final-project] [restartedMain] o.s.b.d.a.OptionalLiveReloadServer       : LiveReload server is running on port 35729
2024-08-25T16:27:26.384+03:00  INFO 17080 --- [final-project] [restartedMain] o.s.b.w.embedded.tomcat.TomcatWebServer  : Tomcat started on port 8080 (http) with context path '/'
2024-08-25T16:27:26.391+03:00  INFO 17080 --- [final-project] [restartedMain] h.final_project.FinalProjectApplication  : Started FinalProjectApplication in 1.417 seconds (process running for 2060.159)
2024-08-25T16:27:26.396+03:00  INFO 17080 --- [final-project] [restartedMain] .ConditionEvaluationDeltaLoggingListener : Condition evaluation delta:


==========================
CONDITION EVALUATION DELTA
==========================


Positive matches:
-----------------

   SpringBootWebSecurityConfiguration.SecurityFilterChainConfiguration matched:
      - AllNestedConditions 2 matched 0 did not; NestedCondition on DefaultWebSecurityCondition.Beans @ConditionalOnMissingBean (types: org.springframework.security.web.SecurityFilterChain; SearchStrategy: all) did not find any beans; NestedCondition on DefaultWebSecurityCondition.Classes @ConditionalOnClass found required classes 'org.springframework.security.web.SecurityFilterChain', 'org.springframework.security.config.annotation.web.builders.HttpSecurity' (DefaultWebSecurityCondition)


Negative matches:
-----------------

    None


Exclusions:
-----------

    None


Unconditional classes:
----------------------

    None



2024-08-25T16:28:11.720+03:00  INFO 17080 --- [final-project] [SpringApplicationShutdownHook] j.LocalContainerEntityManagerFactoryBean : Closing JPA EntityManagerFactory for persistence unit 'default'
2024-08-25T16:28:11.721+03:00  WARN 17080 --- [final-project] [SpringApplicationShutdownHook] o.s.b.f.support.DisposableBeanAdapter    : Invocation of destroy method failed on bean with name 'inMemoryDatabaseShutdownExecutor': org.h2.jdbc.JdbcSQLNonTransientConnectionException: Database is already closed (to disable automatic closing at VM shutdown, add ";DB_CLOSE_ON_EXIT=FALSE" to the db URL) [90121-224]
2024-08-25T16:28:11.722+03:00  INFO 17080 --- [final-project] [SpringApplicationShutdownHook] com.zaxxer.hikari.HikariDataSource       : HikariPool-2 - Shutdown initiated...
2024-08-25T16:28:11.723+03:00  INFO 17080 --- [final-project] [SpringApplicationShutdownHook] com.zaxxer.hikari.HikariDataSource       : HikariPool-2 - Shutdown completed.
